60 - INFO - Browsing image ...
69 - INFO -  Browsed Successfully ! 
79 - INFO - Opened First image ...
60 - INFO - Browsing image ...
69 - INFO -  Browsed Successfully ! 
92 - INFO -  Opening Second image ...
92 - INFO -  Opening Second image ...
92 - INFO -  Opening Second image ...
92 - INFO -  Opening Second image ...
92 - INFO -  Opening Second image ...
92 - INFO -  Opening Second image ...
92 - INFO -  Opening Second image ...
92 - INFO -  Opening Second image ...
92 - INFO -  Opening Second image ...
102 - INFO -  Presenting Magnitude.... 
102 - INFO -  Presenting Magnitude.... 
105 - INFO -  Presenting Phase.... 
163 - WARNING -  Collecting Data 
147 - INFO - Error! Can't Mix ... 
147 - INFO - Error! Can't Mix ... 
147 - INFO - Error! Can't Mix ... 
174 - INFO - Mixing 100% of Image 2 Magnitude and 0% of Image 1 Phase in Output 1 at mixing mood of: magphase 
174 - INFO - Mixing 100% of Image 2 Magnitude and 1% of Image 1 Phase in Output 1 at mixing mood of: magphase 
174 - INFO - Mixing 100% of Image 2 Magnitude and 3% of Image 1 Phase in Output 1 at mixing mood of: magphase 
174 - INFO - Mixing 100% of Image 2 Magnitude and 5% of Image 1 Phase in Output 1 at mixing mood of: magphase 
174 - INFO - Mixing 100% of Image 2 Magnitude and 6% of Image 1 Phase in Output 1 at mixing mood of: magphase 
174 - INFO - Mixing 100% of Image 2 Magnitude and 7% of Image 1 Phase in Output 1 at mixing mood of: magphase 
174 - INFO - Mixing 100% of Image 2 Magnitude and 9% of Image 1 Phase in Output 1 at mixing mood of: magphase 
174 - INFO - Mixing 100% of Image 2 Magnitude and 11% of Image 1 Phase in Output 1 at mixing mood of: magphase 
174 - INFO - Mixing 100% of Image 2 Magnitude and 13% of Image 1 Phase in Output 1 at mixing mood of: magphase 
174 - INFO - Mixing 100% of Image 2 Magnitude and 15% of Image 1 Phase in Output 1 at mixing mood of: magphase 
174 - INFO - Mixing 100% of Image 2 Magnitude and 16% of Image 1 Phase in Output 1 at mixing mood of: magphase 
174 - INFO - Mixing 100% of Image 2 Magnitude and 17% of Image 1 Phase in Output 1 at mixing mood of: magphase 
174 - INFO - Mixing 100% of Image 2 Magnitude and 19% of Image 1 Phase in Output 1 at mixing mood of: magphase 
174 - INFO - Mixing 100% of Image 2 Magnitude and 21% of Image 1 Phase in Output 1 at mixing mood of: magphase 
174 - INFO - Mixing 100% of Image 2 Magnitude and 22% of Image 1 Phase in Output 1 at mixing mood of: magphase 
174 - INFO - Mixing 100% of Image 2 Magnitude and 24% of Image 1 Phase in Output 1 at mixing mood of: magphase 
174 - INFO - Mixing 100% of Image 2 Magnitude and 26% of Image 1 Phase in Output 1 at mixing mood of: magphase 
174 - INFO - Mixing 100% of Image 2 Magnitude and 28% of Image 1 Phase in Output 1 at mixing mood of: magphase 
174 - INFO - Mixing 100% of Image 2 Magnitude and 30% of Image 1 Phase in Output 1 at mixing mood of: magphase 
174 - INFO - Mixing 100% of Image 2 Magnitude and 31% of Image 1 Phase in Output 1 at mixing mood of: magphase 
174 - INFO - Mixing 100% of Image 2 Magnitude and 32% of Image 1 Phase in Output 1 at mixing mood of: magphase 
174 - INFO - Mixing 100% of Image 2 Magnitude and 33% of Image 1 Phase in Output 1 at mixing mood of: magphase 
174 - INFO - Mixing 100% of Image 2 Magnitude and 36% of Image 1 Phase in Output 1 at mixing mood of: magphase 
174 - INFO - Mixing 100% of Image 2 Magnitude and 38% of Image 1 Phase in Output 1 at mixing mood of: magphase 
174 - INFO - Mixing 100% of Image 2 Magnitude and 40% of Image 1 Phase in Output 1 at mixing mood of: magphase 
174 - INFO - Mixing 100% of Image 2 Magnitude and 42% of Image 1 Phase in Output 1 at mixing mood of: magphase 
174 - INFO - Mixing 100% of Image 2 Magnitude and 45% of Image 1 Phase in Output 1 at mixing mood of: magphase 
174 - INFO - Mixing 100% of Image 2 Magnitude and 47% of Image 1 Phase in Output 1 at mixing mood of: magphase 
174 - INFO - Mixing 100% of Image 2 Magnitude and 49% of Image 1 Phase in Output 1 at mixing mood of: magphase 
174 - INFO - Mixing 100% of Image 2 Magnitude and 52% of Image 1 Phase in Output 1 at mixing mood of: magphase 
174 - INFO - Mixing 100% of Image 2 Magnitude and 55% of Image 1 Phase in Output 1 at mixing mood of: magphase 
174 - INFO - Mixing 100% of Image 2 Magnitude and 58% of Image 1 Phase in Output 1 at mixing mood of: magphase 
174 - INFO - Mixing 100% of Image 2 Magnitude and 60% of Image 1 Phase in Output 1 at mixing mood of: magphase 
174 - INFO - Mixing 100% of Image 2 Magnitude and 62% of Image 1 Phase in Output 1 at mixing mood of: magphase 
174 - INFO - Mixing 100% of Image 2 Magnitude and 65% of Image 1 Phase in Output 1 at mixing mood of: magphase 
174 - INFO - Mixing 100% of Image 2 Magnitude and 67% of Image 1 Phase in Output 1 at mixing mood of: magphase 
174 - INFO - Mixing 100% of Image 2 Magnitude and 69% of Image 1 Phase in Output 1 at mixing mood of: magphase 
174 - INFO - Mixing 100% of Image 2 Magnitude and 71% of Image 1 Phase in Output 1 at mixing mood of: magphase 
174 - INFO - Mixing 100% of Image 2 Magnitude and 73% of Image 1 Phase in Output 1 at mixing mood of: magphase 
174 - INFO - Mixing 100% of Image 2 Magnitude and 75% of Image 1 Phase in Output 1 at mixing mood of: magphase 
174 - INFO - Mixing 100% of Image 2 Magnitude and 77% of Image 1 Phase in Output 1 at mixing mood of: magphase 
174 - INFO - Mixing 100% of Image 2 Magnitude and 79% of Image 1 Phase in Output 1 at mixing mood of: magphase 
174 - INFO - Mixing 100% of Image 2 Magnitude and 80% of Image 1 Phase in Output 1 at mixing mood of: magphase 
174 - INFO - Mixing 100% of Image 2 Magnitude and 81% of Image 1 Phase in Output 1 at mixing mood of: magphase 
174 - INFO - Mixing 100% of Image 2 Magnitude and 82% of Image 1 Phase in Output 1 at mixing mood of: magphase 
174 - INFO - Mixing 100% of Image 2 Magnitude and 83% of Image 1 Phase in Output 1 at mixing mood of: magphase 
174 - INFO - Mixing 100% of Image 2 Magnitude and 85% of Image 1 Phase in Output 1 at mixing mood of: magphase 
174 - INFO - Mixing 100% of Image 2 Magnitude and 86% of Image 1 Phase in Output 1 at mixing mood of: magphase 
174 - INFO - Mixing 100% of Image 2 Magnitude and 87% of Image 1 Phase in Output 1 at mixing mood of: magphase 
174 - INFO - Mixing 100% of Image 2 Magnitude and 88% of Image 1 Phase in Output 1 at mixing mood of: magphase 
174 - INFO - Mixing 100% of Image 2 Magnitude and 90% of Image 1 Phase in Output 1 at mixing mood of: magphase 
174 - INFO - Mixing 100% of Image 2 Magnitude and 91% of Image 1 Phase in Output 1 at mixing mood of: magphase 
174 - INFO - Mixing 100% of Image 2 Magnitude and 92% of Image 1 Phase in Output 1 at mixing mood of: magphase 
174 - INFO - Mixing 100% of Image 2 Magnitude and 94% of Image 1 Phase in Output 1 at mixing mood of: magphase 
174 - INFO - Mixing 100% of Image 2 Magnitude and 95% of Image 1 Phase in Output 1 at mixing mood of: magphase 
174 - INFO - Mixing 100% of Image 2 Magnitude and 96% of Image 1 Phase in Output 1 at mixing mood of: magphase 
174 - INFO - Mixing 99% of Image 2 Magnitude and 96% of Image 1 Phase in Output 1 at mixing mood of: magphase 
174 - INFO - Mixing 94% of Image 2 Magnitude and 96% of Image 1 Phase in Output 1 at mixing mood of: magphase 
174 - INFO - Mixing 91% of Image 2 Magnitude and 96% of Image 1 Phase in Output 1 at mixing mood of: magphase 
174 - INFO - Mixing 88% of Image 2 Magnitude and 96% of Image 1 Phase in Output 1 at mixing mood of: magphase 
174 - INFO - Mixing 87% of Image 2 Magnitude and 96% of Image 1 Phase in Output 1 at mixing mood of: magphase 
174 - INFO - Mixing 84% of Image 2 Magnitude and 96% of Image 1 Phase in Output 1 at mixing mood of: magphase 
174 - INFO - Mixing 81% of Image 2 Magnitude and 96% of Image 1 Phase in Output 1 at mixing mood of: magphase 
174 - INFO - Mixing 79% of Image 2 Magnitude and 96% of Image 1 Phase in Output 1 at mixing mood of: magphase 
174 - INFO - Mixing 77% of Image 2 Magnitude and 96% of Image 1 Phase in Output 1 at mixing mood of: magphase 
174 - INFO - Mixing 75% of Image 2 Magnitude and 96% of Image 1 Phase in Output 1 at mixing mood of: magphase 
174 - INFO - Mixing 73% of Image 2 Magnitude and 96% of Image 1 Phase in Output 1 at mixing mood of: magphase 
174 - INFO - Mixing 71% of Image 2 Magnitude and 96% of Image 1 Phase in Output 1 at mixing mood of: magphase 
174 - INFO - Mixing 70% of Image 2 Magnitude and 96% of Image 1 Phase in Output 1 at mixing mood of: magphase 
174 - INFO - Mixing 68% of Image 2 Magnitude and 96% of Image 1 Phase in Output 1 at mixing mood of: magphase 
174 - INFO - Mixing 67% of Image 2 Magnitude and 96% of Image 1 Phase in Output 1 at mixing mood of: magphase 
174 - INFO - Mixing 64% of Image 2 Magnitude and 96% of Image 1 Phase in Output 1 at mixing mood of: magphase 
174 - INFO - Mixing 62% of Image 2 Magnitude and 96% of Image 1 Phase in Output 1 at mixing mood of: magphase 
174 - INFO - Mixing 60% of Image 2 Magnitude and 96% of Image 1 Phase in Output 1 at mixing mood of: magphase 
174 - INFO - Mixing 58% of Image 2 Magnitude and 96% of Image 1 Phase in Output 1 at mixing mood of: magphase 
174 - INFO - Mixing 56% of Image 2 Magnitude and 96% of Image 1 Phase in Output 1 at mixing mood of: magphase 
174 - INFO - Mixing 55% of Image 2 Magnitude and 96% of Image 1 Phase in Output 1 at mixing mood of: magphase 
174 - INFO - Mixing 54% of Image 2 Magnitude and 96% of Image 1 Phase in Output 1 at mixing mood of: magphase 
174 - INFO - Mixing 53% of Image 2 Magnitude and 96% of Image 1 Phase in Output 1 at mixing mood of: magphase 
174 - INFO - Mixing 52% of Image 2 Magnitude and 96% of Image 1 Phase in Output 1 at mixing mood of: magphase 
174 - INFO - Mixing 50% of Image 2 Magnitude and 96% of Image 1 Phase in Output 1 at mixing mood of: magphase 
174 - INFO - Mixing 49% of Image 2 Magnitude and 96% of Image 1 Phase in Output 1 at mixing mood of: magphase 
174 - INFO - Mixing 48% of Image 2 Magnitude and 96% of Image 1 Phase in Output 1 at mixing mood of: magphase 
174 - INFO - Mixing 47% of Image 2 Magnitude and 96% of Image 1 Phase in Output 1 at mixing mood of: magphase 
174 - INFO - Mixing 46% of Image 2 Magnitude and 96% of Image 1 Phase in Output 1 at mixing mood of: magphase 
174 - INFO - Mixing 45% of Image 2 Magnitude and 96% of Image 1 Phase in Output 1 at mixing mood of: magphase 
174 - INFO - Mixing 44% of Image 2 Magnitude and 96% of Image 1 Phase in Output 1 at mixing mood of: magphase 
174 - INFO - Mixing 43% of Image 2 Magnitude and 96% of Image 1 Phase in Output 1 at mixing mood of: magphase 
174 - INFO - Mixing 42% of Image 2 Magnitude and 96% of Image 1 Phase in Output 1 at mixing mood of: magphase 
174 - INFO - Mixing 41% of Image 2 Magnitude and 96% of Image 1 Phase in Output 1 at mixing mood of: magphase 
174 - INFO - Mixing 40% of Image 2 Magnitude and 96% of Image 1 Phase in Output 1 at mixing mood of: magphase 
174 - INFO - Mixing 39% of Image 2 Magnitude and 96% of Image 1 Phase in Output 1 at mixing mood of: magphase 
174 - INFO - Mixing 38% of Image 2 Magnitude and 96% of Image 1 Phase in Output 1 at mixing mood of: magphase 
174 - INFO - Mixing 37% of Image 2 Magnitude and 96% of Image 1 Phase in Output 1 at mixing mood of: magphase 
